<?xml version="1.0" encoding="UTF-8"?>
<testsuite xmlns:xsi="http://www.w3.org/2001/XMLSchema-instance" xsi:noNamespaceSchemaLocation="https://maven.apache.org/surefire/maven-surefire-plugin/xsd/surefire-test-report-3.0.xsd" version="3.0" name="com.desafio.serasa.experian.controllers.CustomerControllerTest" time="4.9" tests="13" errors="0" skipped="0" failures="0">
  <properties>
[...]
</properties>
  <testcase name="shouldReturnInternalServerErrorForGetNameError" classname="com.desafio.serasa.experian.controllers.CustomerControllerTest" time="0.097">
    <system-out><![CDATA[21:35:05.439 [main] INFO org.springframework.test.context.support.AnnotationConfigContextLoaderUtils -- Could not detect default configuration classes for test class [com.desafio.serasa.experian.controllers.CustomerControllerTest]: CustomerControllerTest does not declare any static, non-private, non-final, nested classes annotated with @Configuration.
21:35:05.557 [main] INFO org.springframework.boot.test.context.SpringBootTestContextBootstrapper -- Found @SpringBootConfiguration com.desafio.serasa.experian.SystemApplication for test class com.desafio.serasa.experian.controllers.CustomerControllerTest

  .   ____          _            __ _ _
 /\\ / ___'_ __ _ _(_)_ __  __ _ \ \ \ \
( ( )\___ | '_ | '_| | '_ \/ _` | \ \ \ \
 \\/  ___)| |_)| | | | | || (_| |  ) ) ) )
  '  |____| .__|_| |_|_| |_\__, | / / / /
 =========|_|==============|___/=/_/_/_/
 :: Spring Boot ::                (v3.1.1)

2024-03-04T21:35:05.948-03:00  INFO 11987 --- [           main] c.d.s.e.c.CustomerControllerTest         : Starting CustomerControllerTest using Java 17.0.10 with PID 11987 (started by rayanaribeirobonfanti in /Users/rayanaribeirobonfanti/Documents/projects github/spring-boot-unit-test-junit-mockmvc)
2024-03-04T21:35:05.950-03:00  INFO 11987 --- [           main] c.d.s.e.c.CustomerControllerTest         : The following 1 profile is active: "test"
2024-03-04T21:35:06.442-03:00  INFO 11987 --- [           main] .s.d.r.c.RepositoryConfigurationDelegate : Bootstrapping Spring Data JPA repositories in DEFAULT mode.
2024-03-04T21:35:06.482-03:00  INFO 11987 --- [           main] .s.d.r.c.RepositoryConfigurationDelegate : Finished Spring Data repository scanning in 34 ms. Found 1 JPA repository interfaces.
2024-03-04T21:35:07.536-03:00  INFO 11987 --- [           main] com.zaxxer.hikari.HikariDataSource       : HikariPool-1 - Starting...
2024-03-04T21:35:08.039-03:00  INFO 11987 --- [           main] com.zaxxer.hikari.pool.HikariPool        : HikariPool-1 - Added connection conn0: url=jdbc:h2:mem:db-desafio-serasa-experian user=DESAFIO-SERASA-EXPERIAN
2024-03-04T21:35:08.041-03:00  INFO 11987 --- [           main] com.zaxxer.hikari.HikariDataSource       : HikariPool-1 - Start completed.
2024-03-04T21:35:08.109-03:00  INFO 11987 --- [           main] o.hibernate.jpa.internal.util.LogHelper  : HHH000204: Processing PersistenceUnitInfo [name: default]
2024-03-04T21:35:08.196-03:00  INFO 11987 --- [           main] org.hibernate.Version                    : HHH000412: Hibernate ORM core version 6.2.5.Final
2024-03-04T21:35:08.199-03:00  INFO 11987 --- [           main] org.hibernate.cfg.Environment            : HHH000406: Using bytecode reflection optimizer
2024-03-04T21:35:08.377-03:00  INFO 11987 --- [           main] o.h.b.i.BytecodeProviderInitiator        : HHH000021: Bytecode provider name : bytebuddy
2024-03-04T21:35:08.386-03:00  INFO 11987 --- [           main] o.s.o.j.p.SpringPersistenceUnitInfo      : No LoadTimeWeaver setup: ignoring JPA class transformer
2024-03-04T21:35:08.611-03:00  INFO 11987 --- [           main] o.h.b.i.BytecodeProviderInitiator        : HHH000021: Bytecode provider name : bytebuddy
2024-03-04T21:35:09.049-03:00  INFO 11987 --- [           main] o.h.e.t.j.p.i.JtaPlatformInitiator       : HHH000490: Using JtaPlatform implementation: [org.hibernate.engine.transaction.jta.platform.internal.NoJtaPlatform]
Hibernate: drop table if exists customer cascade 
Hibernate: create table customer (age integer, id bigint generated by default as identity, phone varchar(13), name varchar(255), primary key (id))
2024-03-04T21:35:09.077-03:00  INFO 11987 --- [           main] j.LocalContainerEntityManagerFactoryBean : Initialized JPA EntityManagerFactory for persistence unit 'default'
2024-03-04T21:35:09.551-03:00  WARN 11987 --- [           main] JpaBaseConfiguration$JpaWebConfiguration : spring.jpa.open-in-view is enabled by default. Therefore, database queries may be performed during view rendering. Explicitly configure spring.jpa.open-in-view to disable this warning
2024-03-04T21:35:09.847-03:00  INFO 11987 --- [           main] o.s.b.a.h2.H2ConsoleAutoConfiguration    : H2 console available at '/h2-console'. Database available at 'jdbc:h2:mem:db-desafio-serasa-experian'
2024-03-04T21:35:09.878-03:00  INFO 11987 --- [           main] o.s.b.t.m.w.SpringBootMockServletContext : Initializing Spring TestDispatcherServlet ''
2024-03-04T21:35:09.878-03:00  INFO 11987 --- [           main] o.s.t.web.servlet.TestDispatcherServlet  : Initializing Servlet ''
2024-03-04T21:35:09.879-03:00  INFO 11987 --- [           main] o.s.t.web.servlet.TestDispatcherServlet  : Completed initialization in 1 ms
2024-03-04T21:35:09.896-03:00  INFO 11987 --- [           main] c.d.s.e.c.CustomerControllerTest         : Started CustomerControllerTest in 4.236 seconds (process running for 5.204)
Hibernate: insert into customer (age,name,phone,id) values (?,?,?,default)
2024-03-04T21:35:09.963-03:00  INFO 11987 --- [           main] c.d.s.experian.database.DataInitializer  : ***CUSTOMER**** Customer(id=1, name=rayana, age=26, phone=11999780675)
2024-03-04T21:35:10.030-03:00 ERROR 11987 --- [           main] c.d.s.e.e.GlobalExceptionHandler         : Required request parameter 'name' for method parameter type String is not present
]]></system-out>
  </testcase>
  <testcase name="shouldReturnNotFoundForUpdateNotFound" classname="com.desafio.serasa.experian.controllers.CustomerControllerTest" time="0.059">
    <system-out><![CDATA[2024-03-04T21:35:10.124-03:00 ERROR 11987 --- [           main] c.d.s.e.e.GlobalExceptionHandler         : Customer not found.
]]></system-out>
  </testcase>
  <testcase name="shouldReturnOKForHealthCheck" classname="com.desafio.serasa.experian.controllers.CustomerControllerTest" time="0.005"/>
  <testcase name="shouldReturnNotFoundForInvalidURL" classname="com.desafio.serasa.experian.controllers.CustomerControllerTest" time="0.005"/>
  <testcase name="shouldReturnOkForDelete" classname="com.desafio.serasa.experian.controllers.CustomerControllerTest" time="0.007"/>
  <testcase name="shouldReturnNotFoundForDeleteNotFound" classname="com.desafio.serasa.experian.controllers.CustomerControllerTest" time="0.004">
    <system-out><![CDATA[2024-03-04T21:35:10.156-03:00 ERROR 11987 --- [           main] c.d.s.e.e.GlobalExceptionHandler         : Customer not found.
]]></system-out>
  </testcase>
  <testcase name="shouldReturnOkForUpdate" classname="com.desafio.serasa.experian.controllers.CustomerControllerTest" time="0.005"/>
  <testcase name="shouldReturnOkForGetName" classname="com.desafio.serasa.experian.controllers.CustomerControllerTest" time="0.006"/>
  <testcase name="shouldReturnInternalServerErrorForDeleteError" classname="com.desafio.serasa.experian.controllers.CustomerControllerTest" time="0.003">
    <system-out><![CDATA[2024-03-04T21:35:10.174-03:00 ERROR 11987 --- [           main] c.d.s.e.e.GlobalExceptionHandler         : Internal error.
]]></system-out>
  </testcase>
  <testcase name="shouldReturnOkForSave" classname="com.desafio.serasa.experian.controllers.CustomerControllerTest" time="0.005"/>
  <testcase name="shouldReturnInternalServerErrorForUpdateError" classname="com.desafio.serasa.experian.controllers.CustomerControllerTest" time="0.003">
    <system-out><![CDATA[2024-03-04T21:35:10.184-03:00 ERROR 11987 --- [           main] c.d.s.e.e.GlobalExceptionHandler         : Required request body is missing: public org.springframework.http.ResponseEntity<com.desafio.serasa.experian.domain.dtos.CustomerResponseDTO> com.desafio.serasa.experian.controllers.CustomerController.update(java.lang.Long,com.desafio.serasa.experian.domain.entity.Customer) throws com.desafio.serasa.experian.exceptions.CustomException
]]></system-out>
  </testcase>
  <testcase name="shouldReturnNotFoundForGetNameNotFound" classname="com.desafio.serasa.experian.controllers.CustomerControllerTest" time="0.004">
    <system-out><![CDATA[2024-03-04T21:35:10.187-03:00 ERROR 11987 --- [           main] c.d.s.e.e.GlobalExceptionHandler         : Customer not found.
]]></system-out>
  </testcase>
  <testcase name="shouldReturnInternalServerErrorForSave" classname="com.desafio.serasa.experian.controllers.CustomerControllerTest" time="0.003">
    <system-out><![CDATA[2024-03-04T21:35:10.193-03:00 ERROR 11987 --- [           main] c.d.s.e.e.GlobalExceptionHandler         : Erro interno.
]]></system-out>
  </testcase>
</testsuite>