<?xml version="1.0" encoding="UTF-8"?>
<testsuite xmlns:xsi="http://www.w3.org/2001/XMLSchema-instance" xsi:noNamespaceSchemaLocation="https://maven.apache.org/surefire/maven-surefire-plugin/xsd/surefire-test-report-3.0.xsd" version="3.0" name="com.desafio.serasa.experian.SystemApplicationTests" time="0.964" tests="1" errors="0" skipped="0" failures="0">
  <properties>
[...]
</properties>
  <testcase name="contextLoads" classname="com.desafio.serasa.experian.SystemApplicationTests" time="0.539">
    <system-out><![CDATA[
  .   ____          _            __ _ _
 /\\ / ___'_ __ _ _(_)_ __  __ _ \ \ \ \
( ( )\___ | '_ | '_| | '_ \/ _` | \ \ \ \
 \\/  ___)| |_)| | | | | || (_| |  ) ) ) )
  '  |____| .__|_| |_|_| |_\__, | / / / /
 =========|_|==============|___/=/_/_/_/
 :: Spring Boot ::                (v3.1.1)

2024-03-04T21:35:10.218-03:00  INFO 11987 --- [           main] c.d.s.experian.SystemApplicationTests    : Starting SystemApplicationTests using Java 17.0.10 with PID 11987 (started by rayanaribeirobonfanti in /Users/rayanaribeirobonfanti/Documents/projects github/spring-boot-unit-test-junit-mockmvc)
2024-03-04T21:35:10.218-03:00  INFO 11987 --- [           main] c.d.s.experian.SystemApplicationTests    : The following 1 profile is active: "test"
2024-03-04T21:35:10.321-03:00  INFO 11987 --- [           main] .s.d.r.c.RepositoryConfigurationDelegate : Bootstrapping Spring Data JPA repositories in DEFAULT mode.
2024-03-04T21:35:10.329-03:00  INFO 11987 --- [           main] .s.d.r.c.RepositoryConfigurationDelegate : Finished Spring Data repository scanning in 7 ms. Found 1 JPA repository interfaces.
2024-03-04T21:35:10.389-03:00  INFO 11987 --- [           main] com.zaxxer.hikari.HikariDataSource       : HikariPool-2 - Starting...
2024-03-04T21:35:10.390-03:00  INFO 11987 --- [           main] com.zaxxer.hikari.pool.HikariPool        : HikariPool-2 - Added connection conn10: url=jdbc:h2:mem:db-desafio-serasa-experian user=DESAFIO-SERASA-EXPERIAN
2024-03-04T21:35:10.396-03:00  INFO 11987 --- [           main] com.zaxxer.hikari.HikariDataSource       : HikariPool-2 - Start completed.
2024-03-04T21:35:10.397-03:00  INFO 11987 --- [           main] o.hibernate.jpa.internal.util.LogHelper  : HHH000204: Processing PersistenceUnitInfo [name: default]
2024-03-04T21:35:10.400-03:00  INFO 11987 --- [           main] o.h.b.i.BytecodeProviderInitiator        : HHH000021: Bytecode provider name : bytebuddy
2024-03-04T21:35:10.400-03:00  INFO 11987 --- [           main] o.s.o.j.p.SpringPersistenceUnitInfo      : No LoadTimeWeaver setup: ignoring JPA class transformer
2024-03-04T21:35:10.407-03:00  INFO 11987 --- [           main] o.h.b.i.BytecodeProviderInitiator        : HHH000021: Bytecode provider name : bytebuddy
2024-03-04T21:35:10.424-03:00  INFO 11987 --- [           main] o.h.e.t.j.p.i.JtaPlatformInitiator       : HHH000490: Using JtaPlatform implementation: [org.hibernate.engine.transaction.jta.platform.internal.NoJtaPlatform]
Hibernate: drop table if exists customer cascade 
Hibernate: create table customer (age integer, id bigint generated by default as identity, phone varchar(13), name varchar(255), primary key (id))
2024-03-04T21:35:10.427-03:00  INFO 11987 --- [           main] j.LocalContainerEntityManagerFactoryBean : Initialized JPA EntityManagerFactory for persistence unit 'default'
2024-03-04T21:35:10.522-03:00  WARN 11987 --- [           main] JpaBaseConfiguration$JpaWebConfiguration : spring.jpa.open-in-view is enabled by default. Therefore, database queries may be performed during view rendering. Explicitly configure spring.jpa.open-in-view to disable this warning
2024-03-04T21:35:10.602-03:00  INFO 11987 --- [           main] o.s.b.a.h2.H2ConsoleAutoConfiguration    : H2 console available at '/h2-console'. Database available at 'jdbc:h2:mem:db-desafio-serasa-experian'
2024-03-04T21:35:10.618-03:00  INFO 11987 --- [           main] c.d.s.experian.SystemApplicationTests    : Started SystemApplicationTests in 0.417 seconds (process running for 5.926)
Hibernate: insert into customer (age,name,phone,id) values (?,?,?,default)
2024-03-04T21:35:10.621-03:00  INFO 11987 --- [           main] c.d.s.experian.database.DataInitializer  : ***CUSTOMER**** Customer(id=1, name=rayana, age=26, phone=11999780675)

  .   ____          _            __ _ _
 /\\ / ___'_ __ _ _(_)_ __  __ _ \ \ \ \
( ( )\___ | '_ | '_| | '_ \/ _` | \ \ \ \
 \\/  ___)| |_)| | | | | || (_| |  ) ) ) )
  '  |____| .__|_| |_|_| |_\__, | / / / /
 =========|_|==============|___/=/_/_/_/
 :: Spring Boot ::                (v3.1.1)

2024-03-04T21:35:10.639-03:00  INFO 11987 --- [           main] c.d.serasa.experian.SystemApplication    : Starting SystemApplication using Java 17.0.10 with PID 11987 (started by rayanaribeirobonfanti in /Users/rayanaribeirobonfanti/Documents/projects github/spring-boot-unit-test-junit-mockmvc)
2024-03-04T21:35:10.639-03:00  INFO 11987 --- [           main] c.d.serasa.experian.SystemApplication    : The following 1 profile is active: "test"
2024-03-04T21:35:10.712-03:00  INFO 11987 --- [           main] .s.d.r.c.RepositoryConfigurationDelegate : Bootstrapping Spring Data JPA repositories in DEFAULT mode.
2024-03-04T21:35:10.717-03:00  INFO 11987 --- [           main] .s.d.r.c.RepositoryConfigurationDelegate : Finished Spring Data repository scanning in 4 ms. Found 1 JPA repository interfaces.
2024-03-04T21:35:10.853-03:00  INFO 11987 --- [           main] o.s.b.w.embedded.tomcat.TomcatWebServer  : Tomcat initialized with port(s): 8080 (http)
2024-03-04T21:35:10.861-03:00  INFO 11987 --- [           main] o.apache.catalina.core.StandardService   : Starting service [Tomcat]
2024-03-04T21:35:10.861-03:00  INFO 11987 --- [           main] o.apache.catalina.core.StandardEngine    : Starting Servlet engine: [Apache Tomcat/10.1.10]
2024-03-04T21:35:10.929-03:00  INFO 11987 --- [           main] o.a.c.c.C.[Tomcat].[localhost].[/]       : Initializing Spring embedded WebApplicationContext
2024-03-04T21:35:10.930-03:00  INFO 11987 --- [           main] w.s.c.ServletWebServerApplicationContext : Root WebApplicationContext: initialization completed in 289 ms
2024-03-04T21:35:10.938-03:00  INFO 11987 --- [           main] com.zaxxer.hikari.HikariDataSource       : HikariPool-3 - Starting...
2024-03-04T21:35:10.939-03:00  INFO 11987 --- [           main] com.zaxxer.hikari.pool.HikariPool        : HikariPool-3 - Added connection conn20: url=jdbc:h2:mem:db-desafio-serasa-experian user=DESAFIO-SERASA-EXPERIAN
2024-03-04T21:35:10.939-03:00  INFO 11987 --- [           main] com.zaxxer.hikari.HikariDataSource       : HikariPool-3 - Start completed.
2024-03-04T21:35:10.939-03:00  INFO 11987 --- [           main] o.s.b.a.h2.H2ConsoleAutoConfiguration    : H2 console available at '/h2-console'. Database available at 'jdbc:h2:mem:db-desafio-serasa-experian'
2024-03-04T21:35:10.984-03:00  INFO 11987 --- [           main] o.hibernate.jpa.internal.util.LogHelper  : HHH000204: Processing PersistenceUnitInfo [name: default]
2024-03-04T21:35:10.987-03:00  INFO 11987 --- [           main] o.h.b.i.BytecodeProviderInitiator        : HHH000021: Bytecode provider name : bytebuddy
2024-03-04T21:35:10.987-03:00  INFO 11987 --- [           main] o.s.o.j.p.SpringPersistenceUnitInfo      : No LoadTimeWeaver setup: ignoring JPA class transformer
2024-03-04T21:35:10.991-03:00  INFO 11987 --- [           main] o.h.b.i.BytecodeProviderInitiator        : HHH000021: Bytecode provider name : bytebuddy
2024-03-04T21:35:11.008-03:00  INFO 11987 --- [           main] o.h.e.t.j.p.i.JtaPlatformInitiator       : HHH000490: Using JtaPlatform implementation: [org.hibernate.engine.transaction.jta.platform.internal.NoJtaPlatform]
Hibernate: drop table if exists customer cascade 
Hibernate: create table customer (age integer, id bigint generated by default as identity, phone varchar(13), name varchar(255), primary key (id))
2024-03-04T21:35:11.010-03:00  INFO 11987 --- [           main] j.LocalContainerEntityManagerFactoryBean : Initialized JPA EntityManagerFactory for persistence unit 'default'
2024-03-04T21:35:11.060-03:00  WARN 11987 --- [           main] JpaBaseConfiguration$JpaWebConfiguration : spring.jpa.open-in-view is enabled by default. Therefore, database queries may be performed during view rendering. Explicitly configure spring.jpa.open-in-view to disable this warning
2024-03-04T21:35:11.144-03:00  INFO 11987 --- [           main] o.s.b.w.embedded.tomcat.TomcatWebServer  : Tomcat started on port(s): 8080 (http) with context path ''
2024-03-04T21:35:11.148-03:00  INFO 11987 --- [           main] c.d.serasa.experian.SystemApplication    : Started SystemApplication in 0.523 seconds (process running for 6.456)
Hibernate: insert into customer (age,name,phone,id) values (?,?,?,default)
2024-03-04T21:35:11.151-03:00  INFO 11987 --- [           main] c.d.s.experian.database.DataInitializer  : ***CUSTOMER**** Customer(id=1, name=rayana, age=26, phone=11999780675)
]]></system-out>
  </testcase>
</testsuite>